<?xml version="1.0" encoding="UTF-8"?>
<!-- Generated by org.testng.reporters.JUnitReportReporter -->
<testsuite hostname="SGEORGE-D" name="test.testProject.AppTest" tests="3" failures="0" timestamp="16 Aug 2018 20:27:26 GMT" time="27.199" errors="0">
  <testcase name="openWeatherNews" time="7.166" classname="test.testProject.AppTest"/>
  <testcase name="testLatestIsUnderlined" time="8.967" classname="test.testProject.AppTest"/>
  <testcase name="testTemperature" time="11.066" classname="test.testProject.AppTest"/>
</testsuite> <!-- test.testProject.AppTest -->
